<?xml version="1.0" encoding="UTF-8"?>
<coverage generated="1563725552889" clover="3.2.0">
  <project timestamp="1563725552889" name="All files">
    <metrics statements="54" coveredstatements="54" conditionals="30" coveredconditionals="30" methods="8" coveredmethods="8" elements="92" coveredelements="92" complexity="0" loc="54" ncloc="54" packages="1" files="1" classes="1"/>
    <file name="encode.js" path="/home/user/Documents/projects/bencode/src/encode.js">
      <metrics statements="54" coveredstatements="54" conditionals="30" coveredconditionals="30" methods="8" coveredmethods="8"/>
      <line num="6" count="1" type="stmt"/>
      <line num="16" count="12" type="stmt"/>
      <line num="19" count="1" type="stmt"/>
      <line num="26" count="163" type="stmt"/>
      <line num="27" count="163" type="cond" truecount="2" falsecount="0"/>
      <line num="28" count="42" type="cond" truecount="4" falsecount="0"/>
      <line num="31" count="121" type="stmt"/>
      <line num="34" count="1" type="stmt"/>
      <line num="41" count="58" type="stmt"/>
      <line num="43" count="1" type="stmt"/>
      <line num="50" count="61" type="stmt"/>
      <line num="52" count="1" type="stmt"/>
      <line num="59" count="38" type="stmt"/>
      <line num="60" count="38" type="stmt"/>
      <line num="61" count="80" type="stmt"/>
      <line num="62" count="80" type="cond" truecount="2" falsecount="0"/>
      <line num="63" count="6" type="stmt"/>
      <line num="65" count="74" type="cond" truecount="2" falsecount="0"/>
      <line num="66" count="12" type="stmt"/>
      <line num="68" count="62" type="cond" truecount="2" falsecount="0"/>
      <line num="69" count="36" type="stmt"/>
      <line num="71" count="26" type="cond" truecount="2" falsecount="0"/>
      <line num="72" count="22" type="stmt"/>
      <line num="75" count="4" type="stmt"/>
      <line num="78" count="34" type="stmt"/>
      <line num="80" count="1" type="stmt"/>
      <line num="87" count="45" type="stmt"/>
      <line num="88" count="45" type="stmt"/>
      <line num="89" count="45" type="stmt"/>
      <line num="90" count="45" type="stmt"/>
      <line num="91" count="67" type="stmt"/>
      <line num="92" count="67" type="stmt"/>
      <line num="93" count="67" type="cond" truecount="2" falsecount="0"/>
      <line num="94" count="10" type="stmt"/>
      <line num="96" count="57" type="cond" truecount="2" falsecount="0"/>
      <line num="97" count="6" type="stmt"/>
      <line num="99" count="51" type="cond" truecount="2" falsecount="0"/>
      <line num="100" count="28" type="stmt"/>
      <line num="102" count="23" type="cond" truecount="2" falsecount="0"/>
      <line num="103" count="19" type="stmt"/>
      <line num="106" count="4" type="stmt"/>
      <line num="109" count="37" type="stmt"/>
      <line num="111" count="1" type="stmt"/>
      <line num="118" count="8" type="stmt"/>
      <line num="119" count="8" type="cond" truecount="2" falsecount="0"/>
      <line num="120" count="1" type="stmt"/>
      <line num="122" count="7" type="cond" truecount="2" falsecount="0"/>
      <line num="123" count="1" type="stmt"/>
      <line num="125" count="6" type="cond" truecount="2" falsecount="0"/>
      <line num="126" count="1" type="stmt"/>
      <line num="128" count="5" type="cond" truecount="2" falsecount="0"/>
      <line num="129" count="1" type="stmt"/>
      <line num="132" count="4" type="stmt"/>
      <line num="135" count="1" type="stmt"/>
    </file>
  </project>
</coverage>
