<?xml version="1.0" encoding="UTF-8"?>
<coverage generated="1563725458914" clover="3.2.0">
  <project timestamp="1563725458914" name="All files">
    <metrics statements="54" coveredstatements="54" conditionals="30" coveredconditionals="30" methods="8" coveredmethods="8" elements="92" coveredelements="92" complexity="0" loc="54" ncloc="54" packages="1" files="1" classes="1"/>
    <file name="encode.js" path="/home/user/Documents/projects/bencode/src/encode.js">
      <metrics statements="54" coveredstatements="54" conditionals="30" coveredconditionals="30" methods="8" coveredmethods="8"/>
      <line num="6" count="1" type="stmt"/>
      <line num="14" count="12" type="stmt"/>
      <line num="17" count="1" type="stmt"/>
      <line num="24" count="163" type="stmt"/>
      <line num="25" count="163" type="cond" truecount="2" falsecount="0"/>
      <line num="26" count="42" type="cond" truecount="4" falsecount="0"/>
      <line num="29" count="121" type="stmt"/>
      <line num="32" count="1" type="stmt"/>
      <line num="39" count="58" type="stmt"/>
      <line num="41" count="1" type="stmt"/>
      <line num="48" count="61" type="stmt"/>
      <line num="50" count="1" type="stmt"/>
      <line num="57" count="38" type="stmt"/>
      <line num="58" count="38" type="stmt"/>
      <line num="59" count="80" type="stmt"/>
      <line num="60" count="80" type="cond" truecount="2" falsecount="0"/>
      <line num="61" count="6" type="stmt"/>
      <line num="63" count="74" type="cond" truecount="2" falsecount="0"/>
      <line num="64" count="12" type="stmt"/>
      <line num="66" count="62" type="cond" truecount="2" falsecount="0"/>
      <line num="67" count="36" type="stmt"/>
      <line num="69" count="26" type="cond" truecount="2" falsecount="0"/>
      <line num="70" count="22" type="stmt"/>
      <line num="73" count="4" type="stmt"/>
      <line num="76" count="34" type="stmt"/>
      <line num="78" count="1" type="stmt"/>
      <line num="85" count="45" type="stmt"/>
      <line num="86" count="45" type="stmt"/>
      <line num="87" count="45" type="stmt"/>
      <line num="88" count="45" type="stmt"/>
      <line num="89" count="67" type="stmt"/>
      <line num="90" count="67" type="stmt"/>
      <line num="91" count="67" type="cond" truecount="2" falsecount="0"/>
      <line num="92" count="10" type="stmt"/>
      <line num="94" count="57" type="cond" truecount="2" falsecount="0"/>
      <line num="95" count="6" type="stmt"/>
      <line num="97" count="51" type="cond" truecount="2" falsecount="0"/>
      <line num="98" count="28" type="stmt"/>
      <line num="100" count="23" type="cond" truecount="2" falsecount="0"/>
      <line num="101" count="19" type="stmt"/>
      <line num="104" count="4" type="stmt"/>
      <line num="107" count="37" type="stmt"/>
      <line num="109" count="1" type="stmt"/>
      <line num="116" count="8" type="stmt"/>
      <line num="117" count="8" type="cond" truecount="2" falsecount="0"/>
      <line num="118" count="1" type="stmt"/>
      <line num="120" count="7" type="cond" truecount="2" falsecount="0"/>
      <line num="121" count="1" type="stmt"/>
      <line num="123" count="6" type="cond" truecount="2" falsecount="0"/>
      <line num="124" count="1" type="stmt"/>
      <line num="126" count="5" type="cond" truecount="2" falsecount="0"/>
      <line num="127" count="1" type="stmt"/>
      <line num="130" count="4" type="stmt"/>
      <line num="133" count="1" type="stmt"/>
    </file>
  </project>
</coverage>
