{"/home/user/Documents/projects/bencode/src/encode.js": {"path":"/home/user/Documents/projects/bencode/src/encode.js","statementMap":{"0":{"start":{"line":6,"column":0},"end":{"line":6,"column":62}},"1":{"start":{"line":14,"column":8},"end":{"line":14,"column":23}},"2":{"start":{"line":17,"column":0},"end":{"line":17,"column":34}},"3":{"start":{"line":24,"column":17},"end":{"line":24,"column":27}},"4":{"start":{"line":25,"column":4},"end":{"line":30,"column":5}},"5":{"start":{"line":26,"column":8},"end":{"line":26,"column":78}},"6":{"start":{"line":29,"column":8},"end":{"line":29,"column":20}},"7":{"start":{"line":32,"column":0},"end":{"line":32,"column":26}},"8":{"start":{"line":39,"column":4},"end":{"line":39,"column":34}},"9":{"start":{"line":41,"column":0},"end":{"line":41,"column":36}},"10":{"start":{"line":48,"column":4},"end":{"line":48,"column":31}},"11":{"start":{"line":50,"column":0},"end":{"line":50,"column":30}},"12":{"start":{"line":57,"column":19},"end":{"line":57,"column":21}},"13":{"start":{"line":58,"column":4},"end":{"line":75,"column":7}},"14":{"start":{"line":59,"column":21},"end":{"line":59,"column":33}},"15":{"start":{"line":60,"column":8},"end":{"line":74,"column":9}},"16":{"start":{"line":61,"column":12},"end":{"line":61,"column":41}},"17":{"start":{"line":63,"column":13},"end":{"line":74,"column":9}},"18":{"start":{"line":64,"column":12},"end":{"line":64,"column":41}},"19":{"start":{"line":66,"column":13},"end":{"line":74,"column":9}},"20":{"start":{"line":67,"column":12},"end":{"line":67,"column":40}},"21":{"start":{"line":69,"column":13},"end":{"line":74,"column":9}},"22":{"start":{"line":70,"column":12},"end":{"line":70,"column":43}},"23":{"start":{"line":73,"column":12},"end":{"line":73,"column":74}},"24":{"start":{"line":76,"column":4},"end":{"line":76,"column":34}},"25":{"start":{"line":78,"column":0},"end":{"line":78,"column":32}},"26":{"start":{"line":85,"column":19},"end":{"line":85,"column":21}},"27":{"start":{"line":86,"column":17},"end":{"line":86,"column":34}},"28":{"start":{"line":87,"column":4},"end":{"line":87,"column":16}},"29":{"start":{"line":88,"column":4},"end":{"line":106,"column":5}},"30":{"start":{"line":89,"column":21},"end":{"line":89,"column":37}},"31":{"start":{"line":90,"column":8},"end":{"line":90,"column":40}},"32":{"start":{"line":91,"column":8},"end":{"line":105,"column":9}},"33":{"start":{"line":92,"column":12},"end":{"line":92,"column":45}},"34":{"start":{"line":94,"column":13},"end":{"line":105,"column":9}},"35":{"start":{"line":95,"column":12},"end":{"line":95,"column":45}},"36":{"start":{"line":97,"column":13},"end":{"line":105,"column":9}},"37":{"start":{"line":98,"column":12},"end":{"line":98,"column":47}},"38":{"start":{"line":100,"column":13},"end":{"line":105,"column":9}},"39":{"start":{"line":101,"column":12},"end":{"line":101,"column":44}},"40":{"start":{"line":104,"column":12},"end":{"line":104,"column":74}},"41":{"start":{"line":107,"column":4},"end":{"line":107,"column":34}},"42":{"start":{"line":109,"column":0},"end":{"line":109,"column":32}},"43":{"start":{"line":116,"column":17},"end":{"line":116,"column":29}},"44":{"start":{"line":117,"column":4},"end":{"line":131,"column":5}},"45":{"start":{"line":118,"column":8},"end":{"line":118,"column":31}},"46":{"start":{"line":120,"column":9},"end":{"line":131,"column":5}},"47":{"start":{"line":121,"column":8},"end":{"line":121,"column":31}},"48":{"start":{"line":123,"column":9},"end":{"line":131,"column":5}},"49":{"start":{"line":124,"column":8},"end":{"line":124,"column":30}},"50":{"start":{"line":126,"column":9},"end":{"line":131,"column":5}},"51":{"start":{"line":127,"column":8},"end":{"line":127,"column":33}},"52":{"start":{"line":130,"column":8},"end":{"line":130,"column":70}},"53":{"start":{"line":133,"column":0},"end":{"line":133,"column":24}}},"fnMap":{"0":{"name":"(anonymous_0)","decl":{"start":{"line":13,"column":4},"end":{"line":13,"column":5}},"loc":{"start":{"line":13,"column":25},"end":{"line":15,"column":5}},"line":13},"1":{"name":"getType","decl":{"start":{"line":23,"column":9},"end":{"line":23,"column":16}},"loc":{"start":{"line":23,"column":22},"end":{"line":31,"column":1}},"line":23},"2":{"name":"encodeString","decl":{"start":{"line":38,"column":9},"end":{"line":38,"column":21}},"loc":{"start":{"line":38,"column":27},"end":{"line":40,"column":1}},"line":38},"3":{"name":"encodeInt","decl":{"start":{"line":47,"column":9},"end":{"line":47,"column":18}},"loc":{"start":{"line":47,"column":22},"end":{"line":49,"column":1}},"line":47},"4":{"name":"encodeList","decl":{"start":{"line":56,"column":9},"end":{"line":56,"column":19}},"loc":{"start":{"line":56,"column":26},"end":{"line":77,"column":1}},"line":56},"5":{"name":"(anonymous_5)","decl":{"start":{"line":58,"column":17},"end":{"line":58,"column":18}},"loc":{"start":{"line":58,"column":24},"end":{"line":75,"column":5}},"line":58},"6":{"name":"encodeDict","decl":{"start":{"line":84,"column":9},"end":{"line":84,"column":19}},"loc":{"start":{"line":84,"column":26},"end":{"line":108,"column":1}},"line":84},"7":{"name":"encode","decl":{"start":{"line":115,"column":9},"end":{"line":115,"column":15}},"loc":{"start":{"line":115,"column":21},"end":{"line":132,"column":1}},"line":115}},"branchMap":{"0":{"loc":{"start":{"line":25,"column":4},"end":{"line":30,"column":5}},"type":"if","locations":[{"start":{"line":25,"column":4},"end":{"line":30,"column":5}},{"start":{"line":25,"column":4},"end":{"line":30,"column":5}}],"line":25},"1":{"loc":{"start":{"line":26,"column":15},"end":{"line":26,"column":77}},"type":"cond-expr","locations":[{"start":{"line":26,"column":30},"end":{"line":26,"column":36}},{"start":{"line":26,"column":39},"end":{"line":26,"column":77}}],"line":26},"2":{"loc":{"start":{"line":26,"column":39},"end":{"line":26,"column":77}},"type":"cond-expr","locations":[{"start":{"line":26,"column":62},"end":{"line":26,"column":68}},{"start":{"line":26,"column":71},"end":{"line":26,"column":77}}],"line":26},"3":{"loc":{"start":{"line":60,"column":8},"end":{"line":74,"column":9}},"type":"if","locations":[{"start":{"line":60,"column":8},"end":{"line":74,"column":9}},{"start":{"line":60,"column":8},"end":{"line":74,"column":9}}],"line":60},"4":{"loc":{"start":{"line":63,"column":13},"end":{"line":74,"column":9}},"type":"if","locations":[{"start":{"line":63,"column":13},"end":{"line":74,"column":9}},{"start":{"line":63,"column":13},"end":{"line":74,"column":9}}],"line":63},"5":{"loc":{"start":{"line":66,"column":13},"end":{"line":74,"column":9}},"type":"if","locations":[{"start":{"line":66,"column":13},"end":{"line":74,"column":9}},{"start":{"line":66,"column":13},"end":{"line":74,"column":9}}],"line":66},"6":{"loc":{"start":{"line":69,"column":13},"end":{"line":74,"column":9}},"type":"if","locations":[{"start":{"line":69,"column":13},"end":{"line":74,"column":9}},{"start":{"line":69,"column":13},"end":{"line":74,"column":9}}],"line":69},"7":{"loc":{"start":{"line":91,"column":8},"end":{"line":105,"column":9}},"type":"if","locations":[{"start":{"line":91,"column":8},"end":{"line":105,"column":9}},{"start":{"line":91,"column":8},"end":{"line":105,"column":9}}],"line":91},"8":{"loc":{"start":{"line":94,"column":13},"end":{"line":105,"column":9}},"type":"if","locations":[{"start":{"line":94,"column":13},"end":{"line":105,"column":9}},{"start":{"line":94,"column":13},"end":{"line":105,"column":9}}],"line":94},"9":{"loc":{"start":{"line":97,"column":13},"end":{"line":105,"column":9}},"type":"if","locations":[{"start":{"line":97,"column":13},"end":{"line":105,"column":9}},{"start":{"line":97,"column":13},"end":{"line":105,"column":9}}],"line":97},"10":{"loc":{"start":{"line":100,"column":13},"end":{"line":105,"column":9}},"type":"if","locations":[{"start":{"line":100,"column":13},"end":{"line":105,"column":9}},{"start":{"line":100,"column":13},"end":{"line":105,"column":9}}],"line":100},"11":{"loc":{"start":{"line":117,"column":4},"end":{"line":131,"column":5}},"type":"if","locations":[{"start":{"line":117,"column":4},"end":{"line":131,"column":5}},{"start":{"line":117,"column":4},"end":{"line":131,"column":5}}],"line":117},"12":{"loc":{"start":{"line":120,"column":9},"end":{"line":131,"column":5}},"type":"if","locations":[{"start":{"line":120,"column":9},"end":{"line":131,"column":5}},{"start":{"line":120,"column":9},"end":{"line":131,"column":5}}],"line":120},"13":{"loc":{"start":{"line":123,"column":9},"end":{"line":131,"column":5}},"type":"if","locations":[{"start":{"line":123,"column":9},"end":{"line":131,"column":5}},{"start":{"line":123,"column":9},"end":{"line":131,"column":5}}],"line":123},"14":{"loc":{"start":{"line":126,"column":9},"end":{"line":131,"column":5}},"type":"if","locations":[{"start":{"line":126,"column":9},"end":{"line":131,"column":5}},{"start":{"line":126,"column":9},"end":{"line":131,"column":5}}],"line":126}},"s":{"0":1,"1":12,"2":1,"3":163,"4":163,"5":42,"6":121,"7":1,"8":58,"9":1,"10":61,"11":1,"12":38,"13":38,"14":80,"15":80,"16":6,"17":74,"18":12,"19":62,"20":36,"21":26,"22":22,"23":4,"24":34,"25":1,"26":45,"27":45,"28":45,"29":45,"30":67,"31":67,"32":67,"33":10,"34":57,"35":6,"36":51,"37":28,"38":23,"39":19,"40":4,"41":37,"42":1,"43":8,"44":8,"45":1,"46":7,"47":1,"48":6,"49":1,"50":5,"51":1,"52":4,"53":1},"f":{"0":12,"1":163,"2":58,"3":61,"4":38,"5":80,"6":45,"7":8},"b":{"0":[42,121],"1":[4,38],"2":[14,24],"3":[6,74],"4":[12,62],"5":[36,26],"6":[22,4],"7":[10,57],"8":[6,51],"9":[28,23],"10":[19,4],"11":[1,7],"12":[1,6],"13":[1,5],"14":[1,4]},"_coverageSchema":"43e27e138ebf9cfc5966b082cf9a028302ed4184","hash":"4ada40d123af83ce3d490a476ee2eae0d0f4b928"}
}
