{"/home/user/Documents/projects/bencode/src/encode.js": {"path":"/home/user/Documents/projects/bencode/src/encode.js","statementMap":{"0":{"start":{"line":6,"column":0},"end":{"line":6,"column":62}},"1":{"start":{"line":16,"column":8},"end":{"line":16,"column":23}},"2":{"start":{"line":19,"column":0},"end":{"line":19,"column":34}},"3":{"start":{"line":26,"column":17},"end":{"line":26,"column":27}},"4":{"start":{"line":27,"column":4},"end":{"line":32,"column":5}},"5":{"start":{"line":28,"column":8},"end":{"line":28,"column":78}},"6":{"start":{"line":31,"column":8},"end":{"line":31,"column":20}},"7":{"start":{"line":34,"column":0},"end":{"line":34,"column":26}},"8":{"start":{"line":41,"column":4},"end":{"line":41,"column":34}},"9":{"start":{"line":43,"column":0},"end":{"line":43,"column":36}},"10":{"start":{"line":50,"column":4},"end":{"line":50,"column":31}},"11":{"start":{"line":52,"column":0},"end":{"line":52,"column":30}},"12":{"start":{"line":59,"column":19},"end":{"line":59,"column":21}},"13":{"start":{"line":60,"column":4},"end":{"line":77,"column":7}},"14":{"start":{"line":61,"column":21},"end":{"line":61,"column":33}},"15":{"start":{"line":62,"column":8},"end":{"line":76,"column":9}},"16":{"start":{"line":63,"column":12},"end":{"line":63,"column":41}},"17":{"start":{"line":65,"column":13},"end":{"line":76,"column":9}},"18":{"start":{"line":66,"column":12},"end":{"line":66,"column":41}},"19":{"start":{"line":68,"column":13},"end":{"line":76,"column":9}},"20":{"start":{"line":69,"column":12},"end":{"line":69,"column":40}},"21":{"start":{"line":71,"column":13},"end":{"line":76,"column":9}},"22":{"start":{"line":72,"column":12},"end":{"line":72,"column":43}},"23":{"start":{"line":75,"column":12},"end":{"line":75,"column":74}},"24":{"start":{"line":78,"column":4},"end":{"line":78,"column":34}},"25":{"start":{"line":80,"column":0},"end":{"line":80,"column":32}},"26":{"start":{"line":87,"column":19},"end":{"line":87,"column":21}},"27":{"start":{"line":88,"column":17},"end":{"line":88,"column":34}},"28":{"start":{"line":89,"column":4},"end":{"line":89,"column":16}},"29":{"start":{"line":90,"column":4},"end":{"line":108,"column":5}},"30":{"start":{"line":91,"column":21},"end":{"line":91,"column":37}},"31":{"start":{"line":92,"column":8},"end":{"line":92,"column":40}},"32":{"start":{"line":93,"column":8},"end":{"line":107,"column":9}},"33":{"start":{"line":94,"column":12},"end":{"line":94,"column":45}},"34":{"start":{"line":96,"column":13},"end":{"line":107,"column":9}},"35":{"start":{"line":97,"column":12},"end":{"line":97,"column":45}},"36":{"start":{"line":99,"column":13},"end":{"line":107,"column":9}},"37":{"start":{"line":100,"column":12},"end":{"line":100,"column":47}},"38":{"start":{"line":102,"column":13},"end":{"line":107,"column":9}},"39":{"start":{"line":103,"column":12},"end":{"line":103,"column":44}},"40":{"start":{"line":106,"column":12},"end":{"line":106,"column":74}},"41":{"start":{"line":109,"column":4},"end":{"line":109,"column":34}},"42":{"start":{"line":111,"column":0},"end":{"line":111,"column":32}},"43":{"start":{"line":118,"column":17},"end":{"line":118,"column":29}},"44":{"start":{"line":119,"column":4},"end":{"line":133,"column":5}},"45":{"start":{"line":120,"column":8},"end":{"line":120,"column":31}},"46":{"start":{"line":122,"column":9},"end":{"line":133,"column":5}},"47":{"start":{"line":123,"column":8},"end":{"line":123,"column":31}},"48":{"start":{"line":125,"column":9},"end":{"line":133,"column":5}},"49":{"start":{"line":126,"column":8},"end":{"line":126,"column":30}},"50":{"start":{"line":128,"column":9},"end":{"line":133,"column":5}},"51":{"start":{"line":129,"column":8},"end":{"line":129,"column":33}},"52":{"start":{"line":132,"column":8},"end":{"line":132,"column":70}},"53":{"start":{"line":135,"column":0},"end":{"line":135,"column":24}}},"fnMap":{"0":{"name":"(anonymous_0)","decl":{"start":{"line":15,"column":4},"end":{"line":15,"column":5}},"loc":{"start":{"line":15,"column":25},"end":{"line":17,"column":5}},"line":15},"1":{"name":"getType","decl":{"start":{"line":25,"column":9},"end":{"line":25,"column":16}},"loc":{"start":{"line":25,"column":22},"end":{"line":33,"column":1}},"line":25},"2":{"name":"encodeString","decl":{"start":{"line":40,"column":9},"end":{"line":40,"column":21}},"loc":{"start":{"line":40,"column":27},"end":{"line":42,"column":1}},"line":40},"3":{"name":"encodeInt","decl":{"start":{"line":49,"column":9},"end":{"line":49,"column":18}},"loc":{"start":{"line":49,"column":22},"end":{"line":51,"column":1}},"line":49},"4":{"name":"encodeList","decl":{"start":{"line":58,"column":9},"end":{"line":58,"column":19}},"loc":{"start":{"line":58,"column":26},"end":{"line":79,"column":1}},"line":58},"5":{"name":"(anonymous_5)","decl":{"start":{"line":60,"column":17},"end":{"line":60,"column":18}},"loc":{"start":{"line":60,"column":24},"end":{"line":77,"column":5}},"line":60},"6":{"name":"encodeDict","decl":{"start":{"line":86,"column":9},"end":{"line":86,"column":19}},"loc":{"start":{"line":86,"column":26},"end":{"line":110,"column":1}},"line":86},"7":{"name":"encode","decl":{"start":{"line":117,"column":9},"end":{"line":117,"column":15}},"loc":{"start":{"line":117,"column":21},"end":{"line":134,"column":1}},"line":117}},"branchMap":{"0":{"loc":{"start":{"line":27,"column":4},"end":{"line":32,"column":5}},"type":"if","locations":[{"start":{"line":27,"column":4},"end":{"line":32,"column":5}},{"start":{"line":27,"column":4},"end":{"line":32,"column":5}}],"line":27},"1":{"loc":{"start":{"line":28,"column":15},"end":{"line":28,"column":77}},"type":"cond-expr","locations":[{"start":{"line":28,"column":30},"end":{"line":28,"column":36}},{"start":{"line":28,"column":39},"end":{"line":28,"column":77}}],"line":28},"2":{"loc":{"start":{"line":28,"column":39},"end":{"line":28,"column":77}},"type":"cond-expr","locations":[{"start":{"line":28,"column":62},"end":{"line":28,"column":68}},{"start":{"line":28,"column":71},"end":{"line":28,"column":77}}],"line":28},"3":{"loc":{"start":{"line":62,"column":8},"end":{"line":76,"column":9}},"type":"if","locations":[{"start":{"line":62,"column":8},"end":{"line":76,"column":9}},{"start":{"line":62,"column":8},"end":{"line":76,"column":9}}],"line":62},"4":{"loc":{"start":{"line":65,"column":13},"end":{"line":76,"column":9}},"type":"if","locations":[{"start":{"line":65,"column":13},"end":{"line":76,"column":9}},{"start":{"line":65,"column":13},"end":{"line":76,"column":9}}],"line":65},"5":{"loc":{"start":{"line":68,"column":13},"end":{"line":76,"column":9}},"type":"if","locations":[{"start":{"line":68,"column":13},"end":{"line":76,"column":9}},{"start":{"line":68,"column":13},"end":{"line":76,"column":9}}],"line":68},"6":{"loc":{"start":{"line":71,"column":13},"end":{"line":76,"column":9}},"type":"if","locations":[{"start":{"line":71,"column":13},"end":{"line":76,"column":9}},{"start":{"line":71,"column":13},"end":{"line":76,"column":9}}],"line":71},"7":{"loc":{"start":{"line":93,"column":8},"end":{"line":107,"column":9}},"type":"if","locations":[{"start":{"line":93,"column":8},"end":{"line":107,"column":9}},{"start":{"line":93,"column":8},"end":{"line":107,"column":9}}],"line":93},"8":{"loc":{"start":{"line":96,"column":13},"end":{"line":107,"column":9}},"type":"if","locations":[{"start":{"line":96,"column":13},"end":{"line":107,"column":9}},{"start":{"line":96,"column":13},"end":{"line":107,"column":9}}],"line":96},"9":{"loc":{"start":{"line":99,"column":13},"end":{"line":107,"column":9}},"type":"if","locations":[{"start":{"line":99,"column":13},"end":{"line":107,"column":9}},{"start":{"line":99,"column":13},"end":{"line":107,"column":9}}],"line":99},"10":{"loc":{"start":{"line":102,"column":13},"end":{"line":107,"column":9}},"type":"if","locations":[{"start":{"line":102,"column":13},"end":{"line":107,"column":9}},{"start":{"line":102,"column":13},"end":{"line":107,"column":9}}],"line":102},"11":{"loc":{"start":{"line":119,"column":4},"end":{"line":133,"column":5}},"type":"if","locations":[{"start":{"line":119,"column":4},"end":{"line":133,"column":5}},{"start":{"line":119,"column":4},"end":{"line":133,"column":5}}],"line":119},"12":{"loc":{"start":{"line":122,"column":9},"end":{"line":133,"column":5}},"type":"if","locations":[{"start":{"line":122,"column":9},"end":{"line":133,"column":5}},{"start":{"line":122,"column":9},"end":{"line":133,"column":5}}],"line":122},"13":{"loc":{"start":{"line":125,"column":9},"end":{"line":133,"column":5}},"type":"if","locations":[{"start":{"line":125,"column":9},"end":{"line":133,"column":5}},{"start":{"line":125,"column":9},"end":{"line":133,"column":5}}],"line":125},"14":{"loc":{"start":{"line":128,"column":9},"end":{"line":133,"column":5}},"type":"if","locations":[{"start":{"line":128,"column":9},"end":{"line":133,"column":5}},{"start":{"line":128,"column":9},"end":{"line":133,"column":5}}],"line":128}},"s":{"0":1,"1":12,"2":1,"3":163,"4":163,"5":42,"6":121,"7":1,"8":58,"9":1,"10":61,"11":1,"12":38,"13":38,"14":80,"15":80,"16":6,"17":74,"18":12,"19":62,"20":36,"21":26,"22":22,"23":4,"24":34,"25":1,"26":45,"27":45,"28":45,"29":45,"30":67,"31":67,"32":67,"33":10,"34":57,"35":6,"36":51,"37":28,"38":23,"39":19,"40":4,"41":37,"42":1,"43":8,"44":8,"45":1,"46":7,"47":1,"48":6,"49":1,"50":5,"51":1,"52":4,"53":1},"f":{"0":12,"1":163,"2":58,"3":61,"4":38,"5":80,"6":45,"7":8},"b":{"0":[42,121],"1":[4,38],"2":[14,24],"3":[6,74],"4":[12,62],"5":[36,26],"6":[22,4],"7":[10,57],"8":[6,51],"9":[28,23],"10":[19,4],"11":[1,7],"12":[1,6],"13":[1,5],"14":[1,4]},"_coverageSchema":"43e27e138ebf9cfc5966b082cf9a028302ed4184","hash":"ae644aee3691b0c35bbf6d56779aae48d1f8574e"}
}
