TN:
SF:/home/user/Documents/projects/bencode/src/encode.js
FN:13,(anonymous_0)
FN:23,getType
FN:38,encodeString
FN:47,encodeInt
FN:56,encodeList
FN:58,(anonymous_5)
FN:84,encodeDict
FN:115,encode
FNF:8
FNH:8
FNDA:12,(anonymous_0)
FNDA:163,getType
FNDA:58,encodeString
FNDA:61,encodeInt
FNDA:38,encodeList
FNDA:80,(anonymous_5)
FNDA:45,encodeDict
FNDA:8,encode
DA:6,1
DA:14,12
DA:17,1
DA:24,163
DA:25,163
DA:26,42
DA:29,121
DA:32,1
DA:39,58
DA:41,1
DA:48,61
DA:50,1
DA:57,38
DA:58,38
DA:59,80
DA:60,80
DA:61,6
DA:63,74
DA:64,12
DA:66,62
DA:67,36
DA:69,26
DA:70,22
DA:73,4
DA:76,34
DA:78,1
DA:85,45
DA:86,45
DA:87,45
DA:88,45
DA:89,67
DA:90,67
DA:91,67
DA:92,10
DA:94,57
DA:95,6
DA:97,51
DA:98,28
DA:100,23
DA:101,19
DA:104,4
DA:107,37
DA:109,1
DA:116,8
DA:117,8
DA:118,1
DA:120,7
DA:121,1
DA:123,6
DA:124,1
DA:126,5
DA:127,1
DA:130,4
DA:133,1
LF:54
LH:54
BRDA:25,0,0,42
BRDA:25,0,1,121
BRDA:26,1,0,4
BRDA:26,1,1,38
BRDA:26,2,0,14
BRDA:26,2,1,24
BRDA:60,3,0,6
BRDA:60,3,1,74
BRDA:63,4,0,12
BRDA:63,4,1,62
BRDA:66,5,0,36
BRDA:66,5,1,26
BRDA:69,6,0,22
BRDA:69,6,1,4
BRDA:91,7,0,10
BRDA:91,7,1,57
BRDA:94,8,0,6
BRDA:94,8,1,51
BRDA:97,9,0,28
BRDA:97,9,1,23
BRDA:100,10,0,19
BRDA:100,10,1,4
BRDA:117,11,0,1
BRDA:117,11,1,7
BRDA:120,12,0,1
BRDA:120,12,1,6
BRDA:123,13,0,1
BRDA:123,13,1,5
BRDA:126,14,0,1
BRDA:126,14,1,4
BRF:30
BRH:30
end_of_record
