TN:
SF:/home/user/Documents/projects/bencode/src/encode.js
FN:15,(anonymous_0)
FN:25,getType
FN:40,encodeString
FN:49,encodeInt
FN:58,encodeList
FN:60,(anonymous_5)
FN:86,encodeDict
FN:117,encode
FNF:8
FNH:8
FNDA:12,(anonymous_0)
FNDA:163,getType
FNDA:58,encodeString
FNDA:61,encodeInt
FNDA:38,encodeList
FNDA:80,(anonymous_5)
FNDA:45,encodeDict
FNDA:8,encode
DA:6,1
DA:16,12
DA:19,1
DA:26,163
DA:27,163
DA:28,42
DA:31,121
DA:34,1
DA:41,58
DA:43,1
DA:50,61
DA:52,1
DA:59,38
DA:60,38
DA:61,80
DA:62,80
DA:63,6
DA:65,74
DA:66,12
DA:68,62
DA:69,36
DA:71,26
DA:72,22
DA:75,4
DA:78,34
DA:80,1
DA:87,45
DA:88,45
DA:89,45
DA:90,45
DA:91,67
DA:92,67
DA:93,67
DA:94,10
DA:96,57
DA:97,6
DA:99,51
DA:100,28
DA:102,23
DA:103,19
DA:106,4
DA:109,37
DA:111,1
DA:118,8
DA:119,8
DA:120,1
DA:122,7
DA:123,1
DA:125,6
DA:126,1
DA:128,5
DA:129,1
DA:132,4
DA:135,1
LF:54
LH:54
BRDA:27,0,0,42
BRDA:27,0,1,121
BRDA:28,1,0,4
BRDA:28,1,1,38
BRDA:28,2,0,14
BRDA:28,2,1,24
BRDA:62,3,0,6
BRDA:62,3,1,74
BRDA:65,4,0,12
BRDA:65,4,1,62
BRDA:68,5,0,36
BRDA:68,5,1,26
BRDA:71,6,0,22
BRDA:71,6,1,4
BRDA:93,7,0,10
BRDA:93,7,1,57
BRDA:96,8,0,6
BRDA:96,8,1,51
BRDA:99,9,0,28
BRDA:99,9,1,23
BRDA:102,10,0,19
BRDA:102,10,1,4
BRDA:119,11,0,1
BRDA:119,11,1,7
BRDA:122,12,0,1
BRDA:122,12,1,6
BRDA:125,13,0,1
BRDA:125,13,1,5
BRDA:128,14,0,1
BRDA:128,14,1,4
BRF:30
BRH:30
end_of_record
